{"name": "test_post_new_working_on_it_task", "status": "broken", "statusDetails": {"message": "selenium.common.exceptions.TimeoutException: Message: \nStacktrace:\n\tGetHandleVerifier [0x00878923+23283]\n\t(No symbol) [0x0083E934]\n\t(No symbol) [0x00770733]\n\t(No symbol) [0x007B326F]\n\t(No symbol) [0x007B34AB]\n\t(No symbol) [0x007EEE42]\n\t(No symbol) [0x007D4464]\n\t(No symbol) [0x007ECB8D]\n\t(No symbol) [0x007D41B6]\n\t(No symbol) [0x007A8017]\n\t(No symbol) [0x007A890D]\n\tGetHandleVerifier [0x0096A5E3+1013683]\n\tGetHandleVerifier [0x00973E3C+1052684]\n\tGetHandleVerifier [0x0096D4A4+1025652]\n\tGetHandleVerifier [0x0089EA2B+179195]\n\t(No symbol) [0x00846833]\n\t(No symbol) [0x00843198]\n\t(No symbol) [0x00843337]\n\t(No symbol) [0x0083B4BE]\n\tBaseThreadInitThunk [0x75D8FCC9+25]\n\tRtlGetAppContainerNamedObjectPath [0x772980CE+286]\n\tRtlGetAppContainerNamedObjectPath [0x7729809E+238]", "trace": "self = <test.api_and_ui_tests.test_create_new_tasks.TestCreateNewTask testMethod=test_post_new_working_on_it_task>\n\n    def test_post_new_working_on_it_task(self):\n        \"\"\"\n        Tests the creation of a new task for the 'working on it' state by\n         sending a POST request and verifying its appearance on the board.\n        \"\"\"\n        # Arrange\n        default_task_payload = WorkingOnItItemPayload()\n    \n        # Act\n        self.new_task.post_create_working_on_it_item(default_task_payload)\n    \n>       self.base_page_app.click_on_the_board_side_bar_button()\n\ntest_create_new_tasks.py:75: \n_ _ _ _ _ _ _ _ _ _ _ _ _ _ _ _ _ _ _ _ _ _ _ _ _ _ _ _ _ _ _ _ _ _ _ _ _ _ _ _ _ _ _ _ _ _ _ _ _ _ _ _ _ _ _ _ _ _ _ _ _ _ _ _ _ _ _ _ _ _ _ _ _\n..\\..\\logic\\logic_ui\\base_page_app.py:33: in click_on_the_board_side_bar_button\n    WebDriverWait(self._driver, 10).until(\n_ _ _ _ _ _ _ _ _ _ _ _ _ _ _ _ _ _ _ _ _ _ _ _ _ _ _ _ _ _ _ _ _ _ _ _ _ _ _ _ _ _ _ _ _ _ _ _ _ _ _ _ _ _ _ _ _ _ _ _ _ _ _ _ _ _ _ _ _ _ _ _ _\n\nself = <selenium.webdriver.support.wait.WebDriverWait (session=\"f542b5df3c73284436f4dbd0ce461499\")>\nmethod = <function element_to_be_clickable.<locals>._predicate at 0x000001BACBA9F740>, message = ''\n\n    def until(self, method: Callable[[D], Union[Literal[False], T]], message: str = \"\") -> T:\n        \"\"\"Calls the method provided with the driver as an argument until the \\\n        return value does not evaluate to ``False``.\n    \n        :param method: callable(WebDriver)\n        :param message: optional message for :exc:`TimeoutException`\n        :returns: the result of the last call to `method`\n        :raises: :exc:`selenium.common.exceptions.TimeoutException` if timeout occurs\n        \"\"\"\n        screen = None\n        stacktrace = None\n    \n        end_time = time.monotonic() + self._timeout\n        while True:\n            try:\n                value = method(self._driver)\n                if value:\n                    return value\n            except self._ignored_exceptions as exc:\n                screen = getattr(exc, \"screen\", None)\n                stacktrace = getattr(exc, \"stacktrace\", None)\n            time.sleep(self._poll)\n            if time.monotonic() > end_time:\n                break\n>       raise TimeoutException(message, screen, stacktrace)\nE       selenium.common.exceptions.TimeoutException: Message: \nE       Stacktrace:\nE       \tGetHandleVerifier [0x00878923+23283]\nE       \t(No symbol) [0x0083E934]\nE       \t(No symbol) [0x00770733]\nE       \t(No symbol) [0x007B326F]\nE       \t(No symbol) [0x007B34AB]\nE       \t(No symbol) [0x007EEE42]\nE       \t(No symbol) [0x007D4464]\nE       \t(No symbol) [0x007ECB8D]\nE       \t(No symbol) [0x007D41B6]\nE       \t(No symbol) [0x007A8017]\nE       \t(No symbol) [0x007A890D]\nE       \tGetHandleVerifier [0x0096A5E3+1013683]\nE       \tGetHandleVerifier [0x00973E3C+1052684]\nE       \tGetHandleVerifier [0x0096D4A4+1025652]\nE       \tGetHandleVerifier [0x0089EA2B+179195]\nE       \t(No symbol) [0x00846833]\nE       \t(No symbol) [0x00843198]\nE       \t(No symbol) [0x00843337]\nE       \t(No symbol) [0x0083B4BE]\nE       \tBaseThreadInitThunk [0x75D8FCC9+25]\nE       \tRtlGetAppContainerNamedObjectPath [0x772980CE+286]\nE       \tRtlGetAppContainerNamedObjectPath [0x7729809E+238]\n\nC:\\Users\\User\\AppData\\Local\\Programs\\Python\\Python311\\Lib\\site-packages\\selenium\\webdriver\\support\\wait.py:105: TimeoutException"}, "description": "\n        Tests the creation of a new task for the 'working on it' state by\n         sending a POST request and verifying its appearance on the board.\n        ", "start": 1723397681166, "stop": 1723397698253, "uuid": "5bf517ed-13ad-4c2a-b266-48e78ece3d4a", "historyId": "860374c5fe7eb19e4de66bdee2b3af3b", "testCaseId": "860374c5fe7eb19e4de66bdee2b3af3b", "fullName": "test_create_new_tasks.TestCreateNewTask#test_post_new_working_on_it_task", "labels": [{"name": "suite", "value": "test_create_new_tasks"}, {"name": "subSuite", "value": "TestCreateNewTask"}, {"name": "host", "value": "DESKTOP-IGNAR84"}, {"name": "thread", "value": "6348-MainThread"}, {"name": "framework", "value": "pytest"}, {"name": "language", "value": "cpython3"}, {"name": "package", "value": "test_create_new_tasks"}]}