{"name": "test_update_task_name", "status": "broken", "statusDetails": {"message": "selenium.common.exceptions.TimeoutException: Message: \nStacktrace:\n\tGetHandleVerifier [0x008B8923+23283]\n\t(No symbol) [0x0087E934]\n\t(No symbol) [0x007B0733]\n\t(No symbol) [0x007F326F]\n\t(No symbol) [0x007F34AB]\n\t(No symbol) [0x0082EE42]\n\t(No symbol) [0x00814464]\n\t(No symbol) [0x0082CB8D]\n\t(No symbol) [0x008141B6]\n\t(No symbol) [0x007E8017]\n\t(No symbol) [0x007E890D]\n\tGetHandleVerifier [0x009AA5E3+1013683]\n\tGetHandleVerifier [0x009B3E3C+1052684]\n\tGetHandleVerifier [0x009AD4A4+1025652]\n\tGetHandleVerifier [0x008DEA2B+179195]\n\t(No symbol) [0x00886833]\n\t(No symbol) [0x00883198]\n\t(No symbol) [0x00883337]\n\t(No symbol) [0x0087B4BE]\n\tBaseThreadInitThunk [0x7689FCC9+25]\n\tRtlGetAppContainerNamedObjectPath [0x773E80CE+286]\n\tRtlGetAppContainerNamedObjectPath [0x773E809E+238]", "trace": "self = <test.ui_tests.test_update_task.TestUpdateTask testMethod=test_update_task_name>\n\n    def setUp(self):\n        \"\"\"\n        Set up the test environment before each test.\n    \n        This method initializes the browser, loads the configuration,\n        and navigates to the specified URL.\n        \"\"\"\n        self.browser = BrowserWrapper()\n        self.config = ConfigProvider.load_config_json()\n        self.driver = self.browser.get_driver(self.config[\"login_url\"])\n    \n        login_page = LoginPage(self.driver)\n>       login_page.login_flow(self.config[\"email\"], self.config[\"password\"])\n\ntest_update_task.py:26: \n_ _ _ _ _ _ _ _ _ _ _ _ _ _ _ _ _ _ _ _ _ _ _ _ _ _ _ _ _ _ _ _ _ _ _ _ _ _ _ _ _ _ _ _ _ _ _ _ _ _ _ _ _ _ _ _ _ _ _ _ _ _ _ _ _ _ _ _ _ _ _ _ _\n..\\..\\logic\\logic_browser\\login_page.py:67: in login_flow\n    self.fill_password_input(password)\n..\\..\\logic\\logic_browser\\login_page.py:41: in fill_password_input\n    WebDriverWait(self._driver, 5).until(\n_ _ _ _ _ _ _ _ _ _ _ _ _ _ _ _ _ _ _ _ _ _ _ _ _ _ _ _ _ _ _ _ _ _ _ _ _ _ _ _ _ _ _ _ _ _ _ _ _ _ _ _ _ _ _ _ _ _ _ _ _ _ _ _ _ _ _ _ _ _ _ _ _\n\nself = <selenium.webdriver.support.wait.WebDriverWait (session=\"a04b03ab6fed7aaa117604d491b95c2c\")>\nmethod = <function presence_of_element_located.<locals>._predicate at 0x000002073016DDA0>, message = ''\n\n    def until(self, method: Callable[[D], Union[Literal[False], T]], message: str = \"\") -> T:\n        \"\"\"Calls the method provided with the driver as an argument until the \\\n        return value does not evaluate to ``False``.\n    \n        :param method: callable(WebDriver)\n        :param message: optional message for :exc:`TimeoutException`\n        :returns: the result of the last call to `method`\n        :raises: :exc:`selenium.common.exceptions.TimeoutException` if timeout occurs\n        \"\"\"\n        screen = None\n        stacktrace = None\n    \n        end_time = time.monotonic() + self._timeout\n        while True:\n            try:\n                value = method(self._driver)\n                if value:\n                    return value\n            except self._ignored_exceptions as exc:\n                screen = getattr(exc, \"screen\", None)\n                stacktrace = getattr(exc, \"stacktrace\", None)\n            time.sleep(self._poll)\n            if time.monotonic() > end_time:\n                break\n>       raise TimeoutException(message, screen, stacktrace)\nE       selenium.common.exceptions.TimeoutException: Message: \nE       Stacktrace:\nE       \tGetHandleVerifier [0x008B8923+23283]\nE       \t(No symbol) [0x0087E934]\nE       \t(No symbol) [0x007B0733]\nE       \t(No symbol) [0x007F326F]\nE       \t(No symbol) [0x007F34AB]\nE       \t(No symbol) [0x0082EE42]\nE       \t(No symbol) [0x00814464]\nE       \t(No symbol) [0x0082CB8D]\nE       \t(No symbol) [0x008141B6]\nE       \t(No symbol) [0x007E8017]\nE       \t(No symbol) [0x007E890D]\nE       \tGetHandleVerifier [0x009AA5E3+1013683]\nE       \tGetHandleVerifier [0x009B3E3C+1052684]\nE       \tGetHandleVerifier [0x009AD4A4+1025652]\nE       \tGetHandleVerifier [0x008DEA2B+179195]\nE       \t(No symbol) [0x00886833]\nE       \t(No symbol) [0x00883198]\nE       \t(No symbol) [0x00883337]\nE       \t(No symbol) [0x0087B4BE]\nE       \tBaseThreadInitThunk [0x7689FCC9+25]\nE       \tRtlGetAppContainerNamedObjectPath [0x773E80CE+286]\nE       \tRtlGetAppContainerNamedObjectPath [0x773E809E+238]\n\nC:\\Users\\User\\AppData\\Local\\Programs\\Python\\Python311\\Lib\\site-packages\\selenium\\webdriver\\support\\wait.py:105: TimeoutException"}, "description": "\n        Test the search functionality by task name.\n        ", "start": 1723321490885, "stop": 1723321501171, "uuid": "134ab7b6-8920-44a0-bf6c-dc32b1676c61", "historyId": "08a7d5f6e293de8192c2e204f08b3881", "testCaseId": "08a7d5f6e293de8192c2e204f08b3881", "fullName": "test_update_task.TestUpdateTask#test_update_task_name", "labels": [{"name": "suite", "value": "test_update_task"}, {"name": "subSuite", "value": "TestUpdateTask"}, {"name": "host", "value": "DESKTOP-IGNAR84"}, {"name": "thread", "value": "3180-MainThread"}, {"name": "framework", "value": "pytest"}, {"name": "language", "value": "cpython3"}, {"name": "package", "value": "test_update_task"}]}